10/01/2016 18:17:30 : INFO  : com.ags.eiq.logging.Log4J : Successfully loaded log4j properties file 
10/01/2016 18:17:30 : INFO  : com.ags.eiq.configuration.ConfigProperties : Fetching the value from the Configuration file with key 'orFilepath' and the result is './objectrepository/ObjectRepository.xml' 
10/01/2016 18:17:30 : INFO  : com.ags.eiq.utils.XMLReader : Started reading of the xml file: ./objectrepository/ObjectRepository.xml 
10/01/2016 18:17:30 : INFO  : com.ags.eiq.utils.XMLReader : Completed reading of the xml file: ./objectrepository/ObjectRepository.xml 
10/01/2016 18:17:30 : INFO  : com.ags.eiq.configuration.ConfigProperties : Fetching the value from the Configuration file with key 'browsertype' and the result is 'chrome' 
10/01/2016 18:17:30 : INFO  : com.ags.eiq.webdriver.WebDriverEngine : Creating an instance of Chrome driver 
10/01/2016 18:17:30 : INFO  : com.ags.eiq.configuration.ConfigProperties : Fetching the value from the Configuration file with key 'chromedriverpath' and the result is './lib/chromedriver.exe' 
10/01/2016 18:17:34 : INFO  : com.ags.eiq.configuration.ConfigProperties : Fetching the value from the Configuration file with key 'testDataFilePath' and the result is './testdata/testdata.xls' 
10/01/2016 18:17:34 : INFO  : com.ags.eiq.utils.ExcelReader : Reading tests from sheet [Login] 
10/01/2016 18:17:35 : INFO  : com.ags.eiq.utils.ExcelReader : Completed reading tests from sheet [Login] 
10/01/2016 18:17:35 : INFO  : com.ags.eiq.fixtures.BrowserActions : Executing command: [open] for url [http://www.google.com	] 
10/01/2016 18:17:36 : INFO  : com.ags.eiq.fixtures.BrowserActions : Executing command: [windowMaximize] 
10/01/2016 18:17:37 : INFO  : com.ags.eiq.configuration.ConfigProperties : Fetching the value from the Configuration file with key 'testDataFilePath' and the result is './testdata/testdata.xls' 
10/01/2016 18:17:37 : INFO  : com.ags.eiq.utils.ExcelReader : Reading tests from sheet [Drilldown] 
10/01/2016 18:17:37 : INFO  : com.ags.eiq.utils.ExcelReader : Completed reading tests from sheet [Drilldown] 
10/01/2016 18:19:38 : INFO  : com.ags.eiq.configuration.ConfigProperties : Fetching the value from the Configuration file with key 'testDataFilePath' and the result is './testdata/testdata.xls' 
10/01/2016 18:19:38 : INFO  : com.ags.eiq.utils.ExcelReader : Reading tests from sheet [Drilldown] 
10/01/2016 18:19:38 : INFO  : com.ags.eiq.utils.ExcelReader : Completed reading tests from sheet [Drilldown] 
10/01/2016 18:21:38 : INFO  : com.ags.eiq.configuration.ConfigProperties : Fetching the value from the Configuration file with key 'testDataFilePath' and the result is './testdata/testdata.xls' 
10/01/2016 18:21:38 : INFO  : com.ags.eiq.utils.ExcelReader : Reading tests from sheet [Drilldown] 
10/01/2016 18:21:38 : INFO  : com.ags.eiq.utils.ExcelReader : Completed reading tests from sheet [Drilldown] 
10/01/2016 18:23:38 : INFO  : com.ags.eiq.configuration.ConfigProperties : Fetching the value from the Configuration file with key 'testDataFilePath' and the result is './testdata/testdata.xls' 
10/01/2016 18:23:38 : INFO  : com.ags.eiq.utils.ExcelReader : Reading tests from sheet [Drilldown] 
10/01/2016 18:23:38 : INFO  : com.ags.eiq.utils.ExcelReader : Completed reading tests from sheet [Drilldown] 
10/01/2016 18:25:38 : INFO  : com.ags.eiq.configuration.ConfigProperties : Fetching the value from the Configuration file with key 'testDataFilePath' and the result is './testdata/testdata.xls' 
10/01/2016 18:25:38 : INFO  : com.ags.eiq.utils.ExcelReader : Reading tests from sheet [Drilldown] 
10/01/2016 18:25:38 : INFO  : com.ags.eiq.utils.ExcelReader : Completed reading tests from sheet [Drilldown] 
10/01/2016 18:27:38 : INFO  : com.ags.eiq.fixtures.BrowserActions : Clolsing the webdriver instance 
